{"name": "test_survey_buttons[chrome]", "status": "broken", "statusDetails": {"message": "selenium.common.exceptions.TimeoutException: Message: \nStacktrace:\n\tGetHandleVerifier [0x00007FF620955355+78597]\n\tGetHandleVerifier [0x00007FF6209553B0+78688]\n\t(No symbol) [0x00007FF6207091AA]\n\t(No symbol) [0x00007FF62075F149]\n\t(No symbol) [0x00007FF62075F3FC]\n\t(No symbol) [0x00007FF6207B2467]\n\t(No symbol) [0x00007FF62078712F]\n\t(No symbol) [0x00007FF6207AF2BB]\n\t(No symbol) [0x00007FF620786EC3]\n\t(No symbol) [0x00007FF6207503F8]\n\t(No symbol) [0x00007FF620751163]\n\tGetHandleVerifier [0x00007FF620BFEF0D+2870973]\n\tGetHandleVerifier [0x00007FF620BF96B8+2848360]\n\tGetHandleVerifier [0x00007FF620C16993+2967875]\n\tGetHandleVerifier [0x00007FF62097019A+188746]\n\tGetHandleVerifier [0x00007FF62097847F+222255]\n\tGetHandleVerifier [0x00007FF62095D2D4+111236]\n\tGetHandleVerifier [0x00007FF62095D482+111666]\n\tGetHandleVerifier [0x00007FF6209435A9+5465]\n\tBaseThreadInitThunk [0x00007FFC378B7374+20]\n\tRtlUserThreadStart [0x00007FFC393FCC91+33]", "trace": "driver = <selenium.webdriver.chrome.webdriver.WebDriver (session=\"90d498c7380084a04eae35df94b7626c\")>\n\n    @allure.epic(\"Survey Management System\")\n    @allure.feature(\"UI Testing\")\n    @allure.story(\"Button Functionality\")\n    @allure.severity(allure.severity_level.CRITICAL)\n    @allure.tag(\"CI\", \"Headless\", \"Automation\")\n    @pytest.mark.parametrize(\"driver\", [\"chrome\", \"firefox\"], indirect=True)\n    def test_survey_buttons(driver):\n        passed, failed = 0, 0\n        browser_name = driver.browser_name  # הוצא את השם\n        driver = driver.driver  # הוצא את הדרייבר האמיתי\n    \n        allure.dynamic.description(f\"Test running on {browser_name.capitalize()}\")\n    \n        allure_results_dir = f\"allure-results_{browser_name}\"\n    \n        buttons = [\n            {\"name\": \"ניהול הסקר\", \"xpath\": \"//a[contains(text(), 'ניהול הסקר')]\"},\n            {\"name\": \"ניהול סוציומטרי\", \"xpath\": \"//a[contains(text(), 'ניהול סוציומטרי')]\"},\n            {\"name\": \"עונות\", \"xpath\": \"//input[contains(@value, 'עונות')]\"},\n            {\"name\": \"שאלות חובה\", \"xpath\": \"//input[contains(@value, 'שאלות חובה')]\"},\n            {\"name\": \"חוקים לבדיקת שאלונים חריגים\", \"xpath\": \"//input[contains(@value, 'חוקים לבדיקת שאלונים חריגים')]\"},\n            {\"name\": \"חוקים על שאלות\", \"xpath\": \"//input[contains(@value, 'חוקים על שאלות')]\"},\n            {\"name\": \"כללי השתתפות לפי סוג יחידה\", \"xpath\": \"//input[contains(@value, 'כללי השתתפות לפי סוג יחידה')]\"},\n            {\"name\": \"הגדרת השדות שיופיעו בטבלאות\", \"xpath\": \"//input[contains(@value, 'הגדרת השדות שיופיעו בטבלאות')]\"},\n            {\"name\": \"אופציות לסוציומטרי\", \"xpath\": \"//input[contains(@value, 'אופציות לסוציומטרי')]\"},\n            {\"name\": \"הגדרה וניהול סטטוסים לאירועים\", \"xpath\": \"//input[contains(@value, 'הגדרה וניהול סטטוסים לאירועים')]\"},\n            {\"name\": \"סיבות להוספת או הסרת משתתפים באירוע\", \"xpath\": \"//input[contains(@value, 'סיבות להוספת או הסרת משתתפים באירוע')]\"},\n            #{\"name\": \"הגדרת שאלונים בהם מותר למחוק נתונים\", \"xpath\": \"//input[contains(@value, 'הגדרת שאלונים בהם מותר למחוק נתונים')]\"},\n            #{\"name\": \"רשימת אשכולות לאיגוד קבוצות של היגדים\", \"xpath\": \"//input[contains(@value, 'רשימת אשכולות לאיגוד קבוצות של היגדים')]\"},\n            #{\"name\": \"העברת משיבים ממאגר\", \"xpath\": \"//input[contains(@value, 'העברת משיבים ממאגר')]\"},\n            #\"name\": \"ניהול הרשאות משתמשים\", \"xpath\": \"//input[contains(@value, 'ניהול הרשאות משתמשים')]\"},\n            #\"name\": \"של פוטנציאל המשתתפים בסוציומטרי\", \"xpath\": \"//input[contains(@value, 'של פוטנציאל המשתתפים בסוציומטרי')]\"},\n            {\"name\": \"הגדרת חוקי העתקה של נתונים מחושבים לשאלון העזר\", \"xpath\": \"//input[contains(@value, 'הגדרת חוקי העתקה של נתונים מחושבים לשאלון העזר')]\"},\n            {\"name\": \"הגדרת כללים לחוקות חישוב\", \"xpath\": \"//input[contains(@value, 'הגדרת כללים לחוקות חישוב')]\"},\n            {\"name\": \"עריכה שדות במאגר המשיבים\", \"xpath\": \"//input[contains(@value, 'עריכה שדות במאגר המשיבים')]\"},\n            {\"name\": \"ייצוא דוחות אישיים\", \"xpath\": \"//input[contains(@value, 'ייצוא דוחות אישיים')]\"},\n            {\"name\": \"שיוך יחידות לאשכול\", \"xpath\": \"//input[contains(@value, 'שיוך יחידות לאשכול')]\"},\n            {\"name\": \"פלט אישי בתיקיית עובד\", \"xpath\": \"//input[contains(@value, 'פלט אישי בתיקיית עובד')]\"},\n            {\"name\": \"ניהול אירועים\", \"xpath\": \"//input[contains(@value, 'ניהול אירועים')]\"}\n        ]\n    \n        try:\n            with allure.step(f\"Login to the system using {browser_name.capitalize()}\"):\n                driver.get(\"https://www.survey.co.il/pms/MMDANEW/default.asp\")\n                WebDriverWait(driver, 10).until(EC.presence_of_element_located((By.NAME, \"login\")))\n    \n                driver.find_element(By.NAME, \"login\").send_keys(\"MARINAS\")\n                driver.find_element(By.NAME, \"password\").send_keys(\"Ms123456\", Keys.RETURN)\n            with allure.step(f\"Navigate to main management page using {browser_name.capitalize()}\"):\n                manage_survey_button = WebDriverWait(driver, 10).until(\n                    EC.presence_of_element_located((By.XPATH, buttons[0][\"xpath\"]))\n                )\n                ActionChains(driver).move_to_element(manage_survey_button).perform()\n                time.sleep(0.5)\n                close_alert_if_present(driver)\n                click_and_wait(driver, buttons[1][\"xpath\"])\n                allure.attach(driver.current_url, name=\"כתובת האתר במסך סוציומטרי\", attachment_type=allure.attachment_type.TEXT)\n    \n            for button in buttons[2:22]:\n                with allure.step(f\"Testing button: {button['name']} on {browser_name.capitalize()}\"):\n                    try:\n                        close_alert_if_present(driver)\n                        click_and_wait(driver, button[\"xpath\"])\n                        passed += 1\n                        navigate_back(driver)\n                    except Exception as e:\n                        allure.attach(str(e), name=f\"Error on button {button['name']}\", attachment_type=allure.attachment_type.TEXT)\n                        failed += 1\n    \n            with allure.step(f\"בדיקות פנימיות עבור 'ניהול אירועים' ב-{browser_name.capitalize()}\"):\n                close_alert_if_present(driver)\n>               events_button = WebDriverWait(driver, 10).until(\n                    EC.element_to_be_clickable((By.XPATH, \"//input[contains(@value, 'ניהול אירועים')]\"))\n                )\n\ntest_survey.py:101: \n_ _ _ _ _ _ _ _ _ _ _ _ _ _ _ _ _ _ _ _ _ _ _ _ _ _ _ _ _ _ _ _ _ _ _ _ _ _ _ _\n\nself = <selenium.webdriver.support.wait.WebDriverWait (session=\"90d498c7380084a04eae35df94b7626c\")>\nmethod = <function element_to_be_clickable.<locals>._predicate at 0x000001B622D06AC0>\nmessage = ''\n\n    def until(self, method: Callable[[D], Union[Literal[False], T]], message: str = \"\") -> T:\n        \"\"\"Wait until the method returns a value that is not False.\n    \n        Calls the method provided with the driver as an argument until the\n        return value does not evaluate to ``False``.\n    \n        Parameters:\n        ----------\n        method: callable(WebDriver)\n            - A callable object that takes a WebDriver instance as an argument.\n    \n        message: str\n            - Optional message for :exc:`TimeoutException`\n    \n        Return:\n        -------\n        object: T\n            - The result of the last call to `method`\n    \n        Raises:\n        -------\n        TimeoutException\n            - If 'method' does not return a truthy value within the WebDriverWait\n            object's timeout\n    \n        Example:\n        --------\n        >>> from selenium.webdriver.common.by import By\n        >>> from selenium.webdriver.support.ui import WebDriverWait\n        >>> from selenium.webdriver.support import expected_conditions as EC\n    \n        # Wait until an element is visible on the page\n        >>> wait = WebDriverWait(driver, 10)\n        >>> element = wait.until(EC.visibility_of_element_located((By.ID, \"exampleId\")))\n        >>> print(element.text)\n        \"\"\"\n        screen = None\n        stacktrace = None\n    \n        end_time = time.monotonic() + self._timeout\n        while True:\n            try:\n                value = method(self._driver)\n                if value:\n                    return value\n            except self._ignored_exceptions as exc:\n                screen = getattr(exc, \"screen\", None)\n                stacktrace = getattr(exc, \"stacktrace\", None)\n            if time.monotonic() > end_time:\n                break\n            time.sleep(self._poll)\n>       raise TimeoutException(message, screen, stacktrace)\nE       selenium.common.exceptions.TimeoutException: Message: \nE       Stacktrace:\nE       \tGetHandleVerifier [0x00007FF620955355+78597]\nE       \tGetHandleVerifier [0x00007FF6209553B0+78688]\nE       \t(No symbol) [0x00007FF6207091AA]\nE       \t(No symbol) [0x00007FF62075F149]\nE       \t(No symbol) [0x00007FF62075F3FC]\nE       \t(No symbol) [0x00007FF6207B2467]\nE       \t(No symbol) [0x00007FF62078712F]\nE       \t(No symbol) [0x00007FF6207AF2BB]\nE       \t(No symbol) [0x00007FF620786EC3]\nE       \t(No symbol) [0x00007FF6207503F8]\nE       \t(No symbol) [0x00007FF620751163]\nE       \tGetHandleVerifier [0x00007FF620BFEF0D+2870973]\nE       \tGetHandleVerifier [0x00007FF620BF96B8+2848360]\nE       \tGetHandleVerifier [0x00007FF620C16993+2967875]\nE       \tGetHandleVerifier [0x00007FF62097019A+188746]\nE       \tGetHandleVerifier [0x00007FF62097847F+222255]\nE       \tGetHandleVerifier [0x00007FF62095D2D4+111236]\nE       \tGetHandleVerifier [0x00007FF62095D482+111666]\nE       \tGetHandleVerifier [0x00007FF6209435A9+5465]\nE       \tBaseThreadInitThunk [0x00007FFC378B7374+20]\nE       \tRtlUserThreadStart [0x00007FFC393FCC91+33]\n\n..\\..\\..\\AppData\\Local\\Programs\\Python\\Python313\\Lib\\site-packages\\selenium\\webdriver\\support\\wait.py:146: TimeoutException"}, "description": "Test running on Chrome", "steps": [{"name": "Login to the system using Chrome", "status": "passed", "start": 1745232626582, "stop": 1745232633625}, {"name": "Navigate to main management page using Chrome", "status": "passed", "attachments": [{"name": "כתובת האתר במסך סוציומטרי", "source": "7e822709-ac45-4f9d-a56d-5a2079a70b08-attachment.txt", "type": "text/plain"}], "start": 1745232633625, "stop": 1745232635876}, {"name": "Testing button: עונות on Chrome", "status": "passed", "start": 1745232635876, "stop": 1745232638243}, {"name": "Testing button: שאלות חובה on Chrome", "status": "passed", "start": 1745232638243, "stop": 1745232640731}, {"name": "Testing button: חוקים לבדיקת שאלונים חריגים on Chrome", "status": "passed", "start": 1745232640731, "stop": 1745232643069}, {"name": "Testing button: חוקים על שאלות on Chrome", "status": "passed", "start": 1745232643069, "stop": 1745232648158}, {"name": "Testing button: כללי השתתפות לפי סוג יחידה on Chrome", "status": "passed", "start": 1745232648158, "stop": 1745232651057}, {"name": "Testing button: הגדרת השדות שיופיעו בטבלאות on Chrome", "status": "passed", "start": 1745232651058, "stop": 1745232654312}, {"name": "Testing button: אופציות לסוציומטרי on Chrome", "status": "passed", "start": 1745232654312, "stop": 1745232656668}, {"name": "Testing button: הגדרה וניהול סטטוסים לאירועים on Chrome", "status": "passed", "start": 1745232656668, "stop": 1745232658855}, {"name": "Testing button: סיבות להוספת או הסרת משתתפים באירוע on Chrome", "status": "passed", "start": 1745232658855, "stop": 1745232661166}, {"name": "Testing button: הגדרת חוקי העתקה של נתונים מחושבים לשאלון העזר on Chrome", "status": "passed", "start": 1745232661166, "stop": 1745232663483}, {"name": "Testing button: הגדרת כללים לחוקות חישוב on Chrome", "status": "passed", "start": 1745232663483, "stop": 1745232665731}, {"name": "Testing button: עריכה שדות במאגר המשיבים on Chrome", "status": "passed", "start": 1745232665731, "stop": 1745232668830}, {"name": "Testing button: ייצוא דוחות אישיים on Chrome", "status": "passed", "start": 1745232668830, "stop": 1745232671000}, {"name": "Testing button: שיוך יחידות לאשכול on Chrome", "status": "passed", "start": 1745232671000, "stop": 1745232673440}, {"name": "Testing button: פלט אישי בתיקיית עובד on Chrome", "status": "passed", "start": 1745232673440, "stop": 1745232757869}, {"name": "Testing button: ניהול אירועים on Chrome", "status": "passed", "attachments": [{"name": "Error on button ניהול אירועים", "source": "154aaf9d-918e-4ab1-a840-38b1f1f4048c-attachment.txt", "type": "text/plain"}], "start": 1745232757869, "stop": 1745232768064}, {"name": "בדיקות פנימיות עבור 'ניהול אירועים' ב-Chrome", "status": "broken", "statusDetails": {"message": "selenium.common.exceptions.TimeoutException: Message: \nStacktrace:\n\tGetHandleVerifier [0x00007FF620955355+78597]\n\tGetHandleVerifier [0x00007FF6209553B0+78688]\n\t(No symbol) [0x00007FF6207091AA]\n\t(No symbol) [0x00007FF62075F149]\n\t(No symbol) [0x00007FF62075F3FC]\n\t(No symbol) [0x00007FF6207B2467]\n\t(No symbol) [0x00007FF62078712F]\n\t(No symbol) [0x00007FF6207AF2BB]\n\t(No symbol) [0x00007FF620786EC3]\n\t(No symbol) [0x00007FF6207503F8]\n\t(No symbol) [0x00007FF620751163]\n\tGetHandleVerifier [0x00007FF620BFEF0D+2870973]\n\tGetHandleVerifier [0x00007FF620BF96B8+2848360]\n\tGetHandleVerifier [0x00007FF620C16993+2967875]\n\tGetHandleVerifier [0x00007FF62097019A+188746]\n\tGetHandleVerifier [0x00007FF62097847F+222255]\n\tGetHandleVerifier [0x00007FF62095D2D4+111236]\n\tGetHandleVerifier [0x00007FF62095D482+111666]\n\tGetHandleVerifier [0x00007FF6209435A9+5465]\n\tBaseThreadInitThunk [0x00007FFC378B7374+20]\n\tRtlUserThreadStart [0x00007FFC393FCC91+33]\n\n", "trace": "  File \"C:\\Users\\User\\Documents\\automation\\auto\\test_survey.py\", line 101, in test_survey_buttons\n    events_button = WebDriverWait(driver, 10).until(\n        EC.element_to_be_clickable((By.XPATH, \"//input[contains(@value, 'ניהול אירועים')]\"))\n    )\n  File \"C:\\Users\\User\\AppData\\Local\\Programs\\Python\\Python313\\Lib\\site-packages\\selenium\\webdriver\\support\\wait.py\", line 146, in until\n    raise TimeoutException(message, screen, stacktrace)\n"}, "start": 1745232768064, "stop": 1745232778192}], "attachments": [{"name": "log", "source": "c8ba714d-c932-40bf-8c4b-a8147b0e80d5-attachment.txt", "type": "text/plain"}], "parameters": [{"name": "driver", "value": "'chrome'"}], "start": 1745232626581, "stop": 1745232780571, "uuid": "034a2e99-0e31-44ab-9cab-c251257b9ae0", "historyId": "c916f0a0350dbd70f575f5d793d56ea0", "testCaseId": "1012d322416ce512377685883317049b", "fullName": "test_survey#test_survey_buttons", "labels": [{"name": "severity", "value": "critical"}, {"name": "epic", "value": "Survey Management System"}, {"name": "tag", "value": "Headless"}, {"name": "feature", "value": "UI Testing"}, {"name": "tag", "value": "CI"}, {"name": "story", "value": "Button Functionality"}, {"name": "tag", "value": "Automation"}, {"name": "suite", "value": "test_survey"}, {"name": "host", "value": "DESKTOP-G8GD8K9"}, {"name": "thread", "value": "12192-MainThread"}, {"name": "framework", "value": "pytest"}, {"name": "language", "value": "cpython3"}, {"name": "package", "value": "test_survey"}]}