{"name": "test_survey_buttons[chrome]", "status": "broken", "statusDetails": {"message": "selenium.common.exceptions.StaleElementReferenceException: Message: stale element reference: stale element not found in the current frame\n  (Session info: chrome=135.0.7049.96); For documentation on this error, please visit: https://www.selenium.dev/documentation/webdriver/troubleshooting/errors#stale-element-reference-exception\nStacktrace:\n\tGetHandleVerifier [0x00007FF7ED1A5355+78597]\n\tGetHandleVerifier [0x00007FF7ED1A53B0+78688]\n\t(No symbol) [0x00007FF7ECF591AA]\n\t(No symbol) [0x00007FF7ECF60ABC]\n\t(No symbol) [0x00007FF7ECF63EAC]\n\t(No symbol) [0x00007FF7ED0004AB]\n\t(No symbol) [0x00007FF7ECFD70EA]\n\t(No symbol) [0x00007FF7ECFFF2BB]\n\t(No symbol) [0x00007FF7ECFD6EC3]\n\t(No symbol) [0x00007FF7ECFA03F8]\n\t(No symbol) [0x00007FF7ECFA1163]\n\tGetHandleVerifier [0x00007FF7ED44EF0D+2870973]\n\tGetHandleVerifier [0x00007FF7ED4496B8+2848360]\n\tGetHandleVerifier [0x00007FF7ED466993+2967875]\n\tGetHandleVerifier [0x00007FF7ED1C019A+188746]\n\tGetHandleVerifier [0x00007FF7ED1C847F+222255]\n\tGetHandleVerifier [0x00007FF7ED1AD2D4+111236]\n\tGetHandleVerifier [0x00007FF7ED1AD482+111666]\n\tGetHandleVerifier [0x00007FF7ED1935A9+5465]\n\tBaseThreadInitThunk [0x00007FFC378B7374+20]\n\tRtlUserThreadStart [0x00007FFC393FCC91+33]", "trace": "driver = <selenium.webdriver.chrome.webdriver.WebDriver (session=\"4b48f16f5cc8acdfe05c997bd619df3e\")>\n\n    @allure.epic(\"Survey Management System\")\n    @allure.feature(\"UI Testing\")\n    @allure.story(\"Button Functionality\")\n    @allure.severity(allure.severity_level.CRITICAL)\n    @allure.tag(\"CI\", \"Headless\", \"Automation\")\n    @pytest.mark.parametrize(\"driver\", [\"chrome\", \"firefox\"], indirect=True)\n    def test_survey_buttons(driver):\n        passed, failed = 0, 0\n        browser_name = driver.browser_name  # הוצא את השם\n        driver = driver.driver  # הוצא את הדרייבר האמיתי\n    \n        allure.dynamic.description(f\"Test running on {browser_name.capitalize()}\")\n    \n        allure_results_dir = f\"allure-results_{browser_name}\"\n    \n        buttons = [\n            {\"name\": \"ניהול הסקר\", \"xpath\": \"//a[contains(text(), 'ניהול הסקר')]\"},\n            {\"name\": \"ניהול סוציומטרי\", \"xpath\": \"//a[contains(text(), 'ניהול סוציומטרי')]\"},\n            {\"name\": \"עונות\", \"xpath\": \"//input[contains(@value, 'עונות')]\"},\n            {\"name\": \"שאלות חובה\", \"xpath\": \"//input[contains(@value, 'שאלות חובה')]\"},\n            {\"name\": \"חוקים לבדיקת שאלונים חריגים\", \"xpath\": \"//input[contains(@value, 'חוקים לבדיקת שאלונים חריגים')]\"},\n            {\"name\": \"חוקים על שאלות\", \"xpath\": \"//input[contains(@value, 'חוקים על שאלות')]\"},\n            {\"name\": \"כללי השתתפות לפי סוג יחידה\", \"xpath\": \"//input[contains(@value, 'כללי השתתפות לפי סוג יחידה')]\"},\n            {\"name\": \"הגדרת השדות שיופיעו בטבלאות\", \"xpath\": \"//input[contains(@value, 'הגדרת השדות שיופיעו בטבלאות')]\"},\n            {\"name\": \"אופציות לסוציומטרי\", \"xpath\": \"//input[contains(@value, 'אופציות לסוציומטרי')]\"},\n            {\"name\": \"הגדרה וניהול סטטוסים לאירועים\", \"xpath\": \"//input[contains(@value, 'הגדרה וניהול סטטוסים לאירועים')]\"},\n            {\"name\": \"סיבות להוספת או הסרת משתתפים באירוע\", \"xpath\": \"//input[contains(@value, 'סיבות להוספת או הסרת משתתפים באירוע')]\"},\n            #{\"name\": \"הגדרת שאלונים בהם מותר למחוק נתונים\", \"xpath\": \"//input[contains(@value, 'הגדרת שאלונים בהם מותר למחוק נתונים')]\"},\n            #{\"name\": \"רשימת אשכולות לאיגוד קבוצות של היגדים\", \"xpath\": \"//input[contains(@value, 'רשימת אשכולות לאיגוד קבוצות של היגדים')]\"},\n            #{\"name\": \"העברת משיבים ממאגר\", \"xpath\": \"//input[contains(@value, 'העברת משיבים ממאגר')]\"},\n            #\"name\": \"ניהול הרשאות משתמשים\", \"xpath\": \"//input[contains(@value, 'ניהול הרשאות משתמשים')]\"},\n            #\"name\": \"של פוטנציאל המשתתפים בסוציומטרי\", \"xpath\": \"//input[contains(@value, 'של פוטנציאל המשתתפים בסוציומטרי')]\"},\n            {\"name\": \"הגדרת חוקי העתקה של נתונים מחושבים לשאלון העזר\", \"xpath\": \"//input[contains(@value, 'הגדרת חוקי העתקה של נתונים מחושבים לשאלון העזר')]\"},\n            {\"name\": \"הגדרת כללים לחוקות חישוב\", \"xpath\": \"//input[contains(@value, 'הגדרת כללים לחוקות חישוב')]\"},\n            {\"name\": \"עריכה שדות במאגר המשיבים\", \"xpath\": \"//input[contains(@value, 'עריכה שדות במאגר המשיבים')]\"},\n            {\"name\": \"ייצוא דוחות אישיים\", \"xpath\": \"//input[contains(@value, 'ייצוא דוחות אישיים')]\"},\n            {\"name\": \"שיוך יחידות לאשכול\", \"xpath\": \"//input[contains(@value, 'שיוך יחידות לאשכול')]\"},\n            {\"name\": \"פלט אישי בתיקיית עובד\", \"xpath\": \"//input[contains(@value, 'פלט אישי בתיקיית עובד')]\"},\n            {\"name\": \"ניהול אירועים\", \"xpath\": \"//input[contains(@value, 'ניהול אירועים')]\"}\n        ]\n    \n        try:\n            with allure.step(f\"Login to the system using {browser_name.capitalize()}\"):\n                driver.get(\"https://www.survey.co.il/pms/MMDANEW/default.asp\")\n                WebDriverWait(driver, 10).until(EC.presence_of_element_located((By.NAME, \"login\")))\n    \n                driver.find_element(By.NAME, \"login\").send_keys(\"MARINAS\")\n                driver.find_element(By.NAME, \"password\").send_keys(\"Ms123456\", Keys.RETURN)\n            with allure.step(f\"Navigate to main management page using {browser_name.capitalize()}\"):\n                manage_survey_button = WebDriverWait(driver, 10).until(\n                    EC.presence_of_element_located((By.XPATH, buttons[0][\"xpath\"]))\n                )\n                ActionChains(driver).move_to_element(manage_survey_button).perform()\n                time.sleep(0.5)\n                close_alert_if_present(driver)\n                click_and_wait(driver, buttons[1][\"xpath\"])\n                allure.attach(driver.current_url, name=\"כתובת האתר במסך סוציומטרי\", attachment_type=allure.attachment_type.TEXT)\n    \n            for button in buttons[2:22]:\n                with allure.step(f\"Testing button: {button['name']} on {browser_name.capitalize()}\"):\n                    try:\n                        close_alert_if_present(driver)\n                        click_and_wait(driver, button[\"xpath\"])\n                        passed += 1\n                        navigate_back(driver)\n                    except Exception as e:\n                        allure.attach(str(e), name=f\"Error on button {button['name']}\", attachment_type=allure.attachment_type.TEXT)\n                        failed += 1\n    \n            with allure.step(f\"בדיקות פנימיות עבור 'ניהול אירועים' ב-{browser_name.capitalize()}\"):\n                close_alert_if_present(driver)\n                events_button = WebDriverWait(driver, 10).until(\n                    EC.element_to_be_clickable((By.XPATH, \"//input[contains(@value, 'ניהול אירועים')]\"))\n                )\n                driver.execute_script(\"arguments[0].scrollIntoView(true);\", events_button)\n                events_button.click()\n                time.sleep(0.5)\n                passed += 1\n    \n                with allure.step(f\"לחיצה על 'להקמת אירוע חדש' ב-{browser_name.capitalize()}\"):\n                    add_event_button = WebDriverWait(driver, 10).until(\n                        EC.element_to_be_clickable((By.XPATH, \"//button[normalize-space(.//span[contains(@class, 'block')])='להקמת אירוע חדש']\"))\n                    )\n                    driver.execute_script(\"arguments[0].scrollIntoView(true);\", add_event_button)\n                    time.sleep(1)\n                    add_event_button.click()\n                    time.sleep(25)\n                    passed += 1\n    \n                with allure.step(f\"מילוי שם האירוע ב-{browser_name.capitalize()}\"):\n                        event_name_input = WebDriverWait(driver, 20).until(\n                            EC.visibility_of_element_located((By.XPATH, \"//div[@class='field floating-label' and @label='שם האירוע']//input\"))\n                        )\n                        event_name_input.send_keys(\"אירוע לדוגמה\")\n                        time.sleep(5.5)\n                        passed += 1\n    \n                with allure.step(f\"בחירת עונת הערכה ב-{browser_name.capitalize()}\"):\n                        dropdown_button = WebDriverWait(driver, 10).until(\n                            EC.element_to_be_clickable((By.XPATH, \"//div[@class='dropdown dropdown-select' and @label='בחר עונת הערכה']//div[contains(@class, 'dropdown-btn')]\"))\n                        )\n                        dropdown_button.click()\n                        time.sleep(3)\n    \n                        season_option = WebDriverWait(driver, 10).until(\n                            EC.element_to_be_clickable((By.XPATH, \"//div[@class='dropdown-list']//li//div[@class='list-item']/span[text()='עונת 1']\"))\n                        )\n                        season_option.click()\n                        passed += 1\n                        time.sleep(3)\n    \n                with allure.step(f\"בחירת תאריך התחלה - 18 ב-{browser_name.capitalize()}\"):\n                        calendar_button = WebDriverWait(driver, 10).until(\n                            EC.element_to_be_clickable((By.XPATH, \"//div[contains(@class, 'dx-dropdowneditor-button') and @aria-label='Select']\"))\n                        )\n                        calendar_button.click()\n                        passed += 1\n                        time.sleep(1)\n    \n                        date_18 = WebDriverWait(driver, 10).until(\n                            EC.element_to_be_clickable((By.XPATH, \"//td[contains(@class, 'dx-calendar-cell') and not(contains(@class, 'dx-calendar-other-view'))]//span[text()='18']\"))\n                        )\n                        date_18.click()\n                        passed += 1\n                        time.sleep(4)\n    \n                with allure.step(f\"בחירת תאריך סיום - 26 ב-{browser_name.capitalize()}\"):\n                        calendar_button = WebDriverWait(driver, 20).until(\n                            EC.element_to_be_clickable((By.XPATH, \"//div[contains(@class, 'dx-datebox') and .//span[contains(., 'תאריך סיום')]]//div[contains(@class, 'dx-dropdowneditor-button') and @aria-label='Select']\"))\n                        )\n                        calendar_button.click()\n                        passed += 1\n    \n                        date_input = WebDriverWait(driver, 20).until(\n                            EC.element_to_be_clickable((By.XPATH, \"//div[contains(@class, 'dx-datebox') and .//span[contains(., 'תאריך סיום')]]//input[@type='text']\"))\n                        )\n                        date_input.send_keys(\"18-03-2025\" + Keys.ENTER)\n                        passed += 1\n                        time.sleep(6)\n    \n                with allure.step(f\"בחירת סוג יחידה - 'מטה' ב-{browser_name.capitalize()}\"):\n                        unit_dropdown_button = WebDriverWait(driver, 10).until(\n                            EC.element_to_be_clickable((By.XPATH, \"//div[@class='dropdown dropdown-select' and @label='הגדרת סוג היחידה לאירוע ']/div[contains(@class, 'dropdown-btn')]\"))\n                        )\n                        unit_dropdown_button.click()\n    \n                        unit_option_mathe = WebDriverWait(driver, 10).until(\n                            EC.element_to_be_clickable((By.XPATH, \"//div[@class='dropdown-list']//li//div[contains(@class, 'list-item')]//span[normalize-space(text())='מטה']\"))\n                        )\n                        unit_option_mathe.click()\n                        passed += 2\n                        time.sleep(3)\n    \n                with allure.step(f\"לחיצה פנימית על הריבוע ליד 'פיקוד 2' ב-{browser_name.capitalize()}\"):\n                        checkbox_pikud2 = WebDriverWait(driver, 10).until(\n                            EC.element_to_be_clickable((By.XPATH, \"//li[@data-item-id='249']//div[contains(@class, 'dx-checkbox-container')]\"))\n                        )\n                        checkbox_pikud2.click()\n                        passed += 1\n                        time.sleep(11)\n    \n    \n    \n    \n                with allure.step(\"Selecting the checkbox for 'אוגדה 1' under 'Selecting units to display fill report'\"):\n        # Locate the section header first\n                   section_header = WebDriverWait(driver, 10).until(\n                       EC.presence_of_element_located(\n                      (By.XPATH, \"//div[normalize-space()='בחירת יחידות מאגדות להצגת דוח מילוי']\")\n            )\n        )\n        # Then, locate the first <li> with aria-label 'אוגדה 1' (and level 2) following the header,\n        # and within it, find its checkbox element (the square to the right).\n                checkbox = WebDriverWait(driver, 10).until(\n                          EC.element_to_be_clickable((\n                By.XPATH,\n                \"//div[normalize-space()='בחירת יחידות מאגדות להצגת דוח מילוי']\"\n                \"/following::li[@aria-label='אוגדה 1' and @aria-level='2'][1]\"\n                \"//div[contains(@class, 'dx-checkbox')]\"\n            ))\n        )\n                checkbox.click()\n                passed += 1\n                time.sleep(1.2)\n    \n    \n    \n    \n    \n                with allure.step(\"Scrolling to the bottom of the page\"):\n        # Scroll to the bottom of the page using JavaScript\n                 driver.execute_script(\"window.scrollTo(0, document.body.scrollHeight);\")\n                 time.sleep(1.1)  # Brief pause to allow any lazy-loaded elements to appear\n    \n                with allure.step(\"Selecting 'Originality and Innovation' and 'Planning Ability' checkboxes via label click\"):\n        # Click on the label for \"Originality and Innovation\" to select its checkbox\n                 label_originality = WebDriverWait(driver, 10).until(\n                     EC.element_to_be_clickable((By.XPATH, \"//label[normalize-space()='מקוריות וחדשנות']\"))\n        )\n                 label_originality.click()\n                 passed += 1\n                 time.sleep(5)\n    \n        # Click on the label for \"Planning Ability\" to select its checkbox\n                 label_planning = WebDriverWait(driver, 10).until(\n                    EC.element_to_be_clickable((By.XPATH, \"//label[normalize-space()='יכולת תכנון']\"))\n        )\n                 label_planning.click()\n                 passed += 1\n                 time.sleep(1.2)\n    \n                with allure.step(\"Scrolling to the top of the page\"):\n        # Scroll to the top using JavaScript\n                 driver.execute_script(\"window.scrollTo(0, 0);\")\n                 time.sleep(2.2)  # Pause to allow any page adjustments\n    \n                with allure.step(\"Clicking on the 'ניהול פוטנציאל' (Manage Potential) tab\"):\n                 manage_potential_tab = WebDriverWait(driver, 10).until(\n                   EC.element_to_be_clickable(\n                 (By.XPATH, \"//a[.//div[contains(@class, 'q-tab__label') and normalize-space(text())='ניהול פוטנציאל']]\")\n            )\n        )\n                manage_potential_tab.click()\n                passed += 1\n    \n                with allure.step(\"Clicking on the 'הצג פוטנציאל' button using JavaScript\"):\n        # Locate the button using its text\n                 button22 = WebDriverWait(driver, 10).until(\n                 EC.element_to_be_clickable((By.XPATH, \"//button[contains(., 'חשב פוטנציאל מחדש')]\"))\n        )\n        # Use JavaScript to click on the button\n                button22.click()  # הנה הלחיצה הכי פשוטה שיש!\n                time.sleep(15)\n    \n                with allure.step(\"Clicking on the 'הצג פוטנציאל' button using JavaScript\"):\n        # Locate the button using its text\n                 button21 = WebDriverWait(driver, 10).until(\n                 EC.element_to_be_clickable((By.XPATH, \"//button[contains(., 'הצג פוטנציאל')]\"))\n        )\n        # Use JavaScript to click on the button\n                button21.click()  # הנה הלחיצה הכי פשוטה שיש!\n                time.sleep(24)\n    \n    \n    \n                with allure.step(\"Click leftmost dropdown button\"):\n        # Find all dropdown buttons\n                 dropdown_buttons = WebDriverWait(driver, 10).until(\n                   EC.presence_of_all_elements_located(\n                (By.XPATH, \"//div[@class='dx-widget dx-button-mode-contained dx-button-normal dx-rtl dx-dropdowneditor-button']\")\n            )\n        )\n    \n        # Sort buttons by x-location (leftmost first)\n                 leftmost_button = sorted(dropdown_buttons, key=lambda el: el.location['x'])[0]\n    \n        # Click the leftmost button\n                leftmost_button.click()\n                option_no = WebDriverWait(driver, 10).until(\n                  EC.element_to_be_clickable(\n                (By.XPATH, \"//div[@role='option' and .//div[text()='לא']]\")\n            )\n        )\n                option_no.click()\n                time.sleep(0.5)\n    \n    \n    \n                with allure.step(\"Loop through empty checkboxes and process them\"):\n                 for _ in range(10):  # ננסה עד 10 מחזורים\n            # מציאת כל הצ'קבוקסים הריקים\n                  checkboxes = WebDriverWait(driver, 10).until(\n                     EC.presence_of_all_elements_located(\n                    (By.XPATH, \"//td[@role='gridcell']//div[@role='checkbox' and @aria-checked='false']\")\n                )\n            )\n                 for checkbox in checkboxes:\n    \n                    # גלילה לצ'קבוקס כדי לוודא שהוא נגיש\n>                   driver.execute_script(\"arguments[0].scrollIntoView({block: 'center'});\", checkbox)\n\ntest_survey.py:309: \n_ _ _ _ _ _ _ _ _ _ _ _ _ _ _ _ _ _ _ _ _ _ _ _ _ _ _ _ _ _ _ _ _ _ _ _ _ _ _ _\n..\\..\\..\\AppData\\Local\\Programs\\Python\\Python313\\Lib\\site-packages\\selenium\\webdriver\\remote\\webdriver.py:528: in execute_script\n    return self.execute(command, {\"script\": script, \"args\": converted_args})[\"value\"]\n..\\..\\..\\AppData\\Local\\Programs\\Python\\Python313\\Lib\\site-packages\\selenium\\webdriver\\remote\\webdriver.py:429: in execute\n    self.error_handler.check_response(response)\n_ _ _ _ _ _ _ _ _ _ _ _ _ _ _ _ _ _ _ _ _ _ _ _ _ _ _ _ _ _ _ _ _ _ _ _ _ _ _ _\n\nself = <selenium.webdriver.remote.errorhandler.ErrorHandler object at 0x000001CD09FAE270>\nresponse = {'status': 404, 'value': '{\"value\":{\"error\":\"stale element reference\",\"message\":\"stale element reference: stale elemen...ED1935A9+5465]\\\\n\\\\tBaseThreadInitThunk [0x00007FFC378B7374+20]\\\\n\\\\tRtlUserThreadStart [0x00007FFC393FCC91+33]\\\\n\"}}'}\n\n    def check_response(self, response: Dict[str, Any]) -> None:\n        \"\"\"Checks that a JSON response from the WebDriver does not have an\n        error.\n    \n        :Args:\n         - response - The JSON response from the WebDriver server as a dictionary\n           object.\n    \n        :Raises: If the response contains an error message.\n        \"\"\"\n        status = response.get(\"status\", None)\n        if not status or status == ErrorCode.SUCCESS:\n            return\n        value = None\n        message = response.get(\"message\", \"\")\n        screen: str = response.get(\"screen\", \"\")\n        stacktrace = None\n        if isinstance(status, int):\n            value_json = response.get(\"value\", None)\n            if value_json and isinstance(value_json, str):\n                import json\n    \n                try:\n                    value = json.loads(value_json)\n                    if len(value) == 1:\n                        value = value[\"value\"]\n                    status = value.get(\"error\", None)\n                    if not status:\n                        status = value.get(\"status\", ErrorCode.UNKNOWN_ERROR)\n                        message = value.get(\"value\") or value.get(\"message\")\n                        if not isinstance(message, str):\n                            value = message\n                            message = message.get(\"message\")\n                    else:\n                        message = value.get(\"message\", None)\n                except ValueError:\n                    pass\n    \n        exception_class: Type[WebDriverException]\n        e = ErrorCode()\n        error_codes = [item for item in dir(e) if not item.startswith(\"__\")]\n        for error_code in error_codes:\n            error_info = getattr(ErrorCode, error_code)\n            if isinstance(error_info, list) and status in error_info:\n                exception_class = getattr(ExceptionMapping, error_code, WebDriverException)\n                break\n        else:\n            exception_class = WebDriverException\n    \n        if not value:\n            value = response[\"value\"]\n        if isinstance(value, str):\n            raise exception_class(value)\n        if message == \"\" and \"message\" in value:\n            message = value[\"message\"]\n    \n        screen = None  # type: ignore[assignment]\n        if \"screen\" in value:\n            screen = value[\"screen\"]\n    \n        stacktrace = None\n        st_value = value.get(\"stackTrace\") or value.get(\"stacktrace\")\n        if st_value:\n            if isinstance(st_value, str):\n                stacktrace = st_value.split(\"\\n\")\n            else:\n                stacktrace = []\n                try:\n                    for frame in st_value:\n                        line = frame.get(\"lineNumber\", \"\")\n                        file = frame.get(\"fileName\", \"<anonymous>\")\n                        if line:\n                            file = f\"{file}:{line}\"\n                        meth = frame.get(\"methodName\", \"<anonymous>\")\n                        if \"className\" in frame:\n                            meth = f\"{frame['className']}.{meth}\"\n                        msg = \"    at %s (%s)\"\n                        msg = msg % (meth, file)\n                        stacktrace.append(msg)\n                except TypeError:\n                    pass\n        if exception_class == UnexpectedAlertPresentException:\n            alert_text = None\n            if \"data\" in value:\n                alert_text = value[\"data\"].get(\"text\")\n            elif \"alert\" in value:\n                alert_text = value[\"alert\"].get(\"text\")\n            raise exception_class(message, screen, stacktrace, alert_text)  # type: ignore[call-arg]  # mypy is not smart enough here\n>       raise exception_class(message, screen, stacktrace)\nE       selenium.common.exceptions.StaleElementReferenceException: Message: stale element reference: stale element not found in the current frame\nE         (Session info: chrome=135.0.7049.96); For documentation on this error, please visit: https://www.selenium.dev/documentation/webdriver/troubleshooting/errors#stale-element-reference-exception\nE       Stacktrace:\nE       \tGetHandleVerifier [0x00007FF7ED1A5355+78597]\nE       \tGetHandleVerifier [0x00007FF7ED1A53B0+78688]\nE       \t(No symbol) [0x00007FF7ECF591AA]\nE       \t(No symbol) [0x00007FF7ECF60ABC]\nE       \t(No symbol) [0x00007FF7ECF63EAC]\nE       \t(No symbol) [0x00007FF7ED0004AB]\nE       \t(No symbol) [0x00007FF7ECFD70EA]\nE       \t(No symbol) [0x00007FF7ECFFF2BB]\nE       \t(No symbol) [0x00007FF7ECFD6EC3]\nE       \t(No symbol) [0x00007FF7ECFA03F8]\nE       \t(No symbol) [0x00007FF7ECFA1163]\nE       \tGetHandleVerifier [0x00007FF7ED44EF0D+2870973]\nE       \tGetHandleVerifier [0x00007FF7ED4496B8+2848360]\nE       \tGetHandleVerifier [0x00007FF7ED466993+2967875]\nE       \tGetHandleVerifier [0x00007FF7ED1C019A+188746]\nE       \tGetHandleVerifier [0x00007FF7ED1C847F+222255]\nE       \tGetHandleVerifier [0x00007FF7ED1AD2D4+111236]\nE       \tGetHandleVerifier [0x00007FF7ED1AD482+111666]\nE       \tGetHandleVerifier [0x00007FF7ED1935A9+5465]\nE       \tBaseThreadInitThunk [0x00007FFC378B7374+20]\nE       \tRtlUserThreadStart [0x00007FFC393FCC91+33]\n\n..\\..\\..\\AppData\\Local\\Programs\\Python\\Python313\\Lib\\site-packages\\selenium\\webdriver\\remote\\errorhandler.py:232: StaleElementReferenceException"}, "description": "Test running on Chrome", "steps": [{"name": "Login to the system using Chrome", "status": "passed", "start": 1745307264961, "stop": 1745307270751}, {"name": "Navigate to main management page using Chrome", "status": "passed", "attachments": [{"name": "כתובת האתר במסך סוציומטרי", "source": "a435baeb-eb2a-4864-85fe-6346eb3a305b-attachment.txt", "type": "text/plain"}], "start": 1745307270751, "stop": 1745307273937}, {"name": "Testing button: עונות on Chrome", "status": "passed", "start": 1745307273937, "stop": 1745307277338}, {"name": "Testing button: שאלות חובה on Chrome", "status": "passed", "start": 1745307277338, "stop": 1745307279641}, {"name": "Testing button: חוקים לבדיקת שאלונים חריגים on Chrome", "status": "passed", "start": 1745307279641, "stop": 1745307282138}, {"name": "Testing button: חוקים על שאלות on Chrome", "status": "passed", "start": 1745307282139, "stop": 1745307288201}, {"name": "Testing button: כללי השתתפות לפי סוג יחידה on Chrome", "status": "passed", "start": 1745307288201, "stop": 1745307290330}, {"name": "Testing button: הגדרת השדות שיופיעו בטבלאות on Chrome", "status": "passed", "start": 1745307290330, "stop": 1745307292630}, {"name": "Testing button: אופציות לסוציומטרי on Chrome", "status": "passed", "start": 1745307292630, "stop": 1745307294745}, {"name": "Testing button: הגדרה וניהול סטטוסים לאירועים on Chrome", "status": "passed", "start": 1745307294745, "stop": 1745307296898}, {"name": "Testing button: סיבות להוספת או הסרת משתתפים באירוע on Chrome", "status": "passed", "start": 1745307296899, "stop": 1745307299324}, {"name": "Testing button: הגדרת חוקי העתקה של נתונים מחושבים לשאלון העזר on Chrome", "status": "passed", "start": 1745307299324, "stop": 1745307301994}, {"name": "Testing button: הגדרת כללים לחוקות חישוב on Chrome", "status": "passed", "start": 1745307301994, "stop": 1745307304599}, {"name": "Testing button: עריכה שדות במאגר המשיבים on Chrome", "status": "passed", "start": 1745307304602, "stop": 1745307307498}, {"name": "Testing button: ייצוא דוחות אישיים on Chrome", "status": "passed", "start": 1745307307498, "stop": 1745307309982}, {"name": "Testing button: שיוך יחידות לאשכול on Chrome", "status": "passed", "start": 1745307309982, "stop": 1745307312661}, {"name": "Testing button: פלט אישי בתיקיית עובד on Chrome", "status": "passed", "start": 1745307312661, "stop": 1745307314745}, {"name": "Testing button: ניהול אירועים on Chrome", "status": "passed", "start": 1745307314745, "stop": 1745307318805}, {"name": "בדיקות פנימיות עבור 'ניהול אירועים' ב-Chrome", "status": "broken", "statusDetails": {"message": "selenium.common.exceptions.StaleElementReferenceException: Message: stale element reference: stale element not found in the current frame\n  (Session info: chrome=135.0.7049.96); For documentation on this error, please visit: https://www.selenium.dev/documentation/webdriver/troubleshooting/errors#stale-element-reference-exception\nStacktrace:\n\tGetHandleVerifier [0x00007FF7ED1A5355+78597]\n\tGetHandleVerifier [0x00007FF7ED1A53B0+78688]\n\t(No symbol) [0x00007FF7ECF591AA]\n\t(No symbol) [0x00007FF7ECF60ABC]\n\t(No symbol) [0x00007FF7ECF63EAC]\n\t(No symbol) [0x00007FF7ED0004AB]\n\t(No symbol) [0x00007FF7ECFD70EA]\n\t(No symbol) [0x00007FF7ECFFF2BB]\n\t(No symbol) [0x00007FF7ECFD6EC3]\n\t(No symbol) [0x00007FF7ECFA03F8]\n\t(No symbol) [0x00007FF7ECFA1163]\n\tGetHandleVerifier [0x00007FF7ED44EF0D+2870973]\n\tGetHandleVerifier [0x00007FF7ED4496B8+2848360]\n\tGetHandleVerifier [0x00007FF7ED466993+2967875]\n\tGetHandleVerifier [0x00007FF7ED1C019A+188746]\n\tGetHandleVerifier [0x00007FF7ED1C847F+222255]\n\tGetHandleVerifier [0x00007FF7ED1AD2D4+111236]\n\tGetHandleVerifier [0x00007FF7ED1AD482+111666]\n\tGetHandleVerifier [0x00007FF7ED1935A9+5465]\n\tBaseThreadInitThunk [0x00007FFC378B7374+20]\n\tRtlUserThreadStart [0x00007FFC393FCC91+33]\n\n", "trace": "  File \"C:\\Users\\User\\Documents\\automation\\auto\\test_survey.py\", line 309, in test_survey_buttons\n    driver.execute_script(\"arguments[0].scrollIntoView({block: 'center'});\", checkbox)\n    ~~~~~~~~~~~~~~~~~~~~~^^^^^^^^^^^^^^^^^^^^^^^^^^^^^^^^^^^^^^^^^^^^^^^^^^^^^^^^^^^^^\n  File \"C:\\Users\\User\\AppData\\Local\\Programs\\Python\\Python313\\Lib\\site-packages\\selenium\\webdriver\\remote\\webdriver.py\", line 528, in execute_script\n    return self.execute(command, {\"script\": script, \"args\": converted_args})[\"value\"]\n           ~~~~~~~~~~~~^^^^^^^^^^^^^^^^^^^^^^^^^^^^^^^^^^^^^^^^^^^^^^^^^^^^^\n  File \"C:\\Users\\User\\AppData\\Local\\Programs\\Python\\Python313\\Lib\\site-packages\\selenium\\webdriver\\remote\\webdriver.py\", line 429, in execute\n    self.error_handler.check_response(response)\n    ~~~~~~~~~~~~~~~~~~~~~~~~~~~~~~~~~^^^^^^^^^^\n  File \"C:\\Users\\User\\AppData\\Local\\Programs\\Python\\Python313\\Lib\\site-packages\\selenium\\webdriver\\remote\\errorhandler.py\", line 232, in check_response\n    raise exception_class(message, screen, stacktrace)\n"}, "steps": [{"name": "לחיצה על 'להקמת אירוע חדש' ב-Chrome", "status": "passed", "start": 1745307319972, "stop": 1745307346806}, {"name": "מילוי שם האירוע ב-Chrome", "status": "passed", "start": 1745307346806, "stop": 1745307352442}, {"name": "בחירת עונת הערכה ב-Chrome", "status": "passed", "start": 1745307352442, "stop": 1745307358864}, {"name": "בחירת תאריך התחלה - 18 ב-Chrome", "status": "passed", "start": 1745307358864, "stop": 1745307364159}, {"name": "בחירת תאריך סיום - 26 ב-Chrome", "status": "passed", "start": 1745307364159, "stop": 1745307370469}, {"name": "בחירת סוג יחידה - 'מטה' ב-Chrome", "status": "passed", "start": 1745307370469, "stop": 1745307373725}, {"name": "לחיצה פנימית על הריבוע ליד 'פיקוד 2' ב-Chrome", "status": "passed", "start": 1745307373725, "stop": 1745307385464}, {"name": "Selecting the checkbox for 'אוגדה 1' under 'Selecting units to display fill report'", "status": "passed", "start": 1745307385464, "stop": 1745307385493}, {"name": "Scrolling to the bottom of the page", "status": "passed", "start": 1745307386851, "stop": 1745307387962}, {"name": "Selecting 'Originality and Innovation' and 'Planning Ability' checkboxes via label click", "status": "passed", "start": 1745307387962, "stop": 1745307394464}, {"name": "Scrolling to the top of the page", "status": "passed", "start": 1745307394464, "stop": 1745307396675}, {"name": "Clicking on the 'ניהול פוטנציאל' (Manage Potential) tab", "status": "passed", "start": 1745307396675, "stop": 1745307396721}, {"name": "Clicking on the 'הצג פוטנציאל' button using JavaScript", "status": "passed", "start": 1745307396848, "stop": 1745307396882}, {"name": "Clicking on the 'הצג פוטנציאל' button using JavaScript", "status": "passed", "start": 1745307412514, "stop": 1745307412576}, {"name": "Click leftmost dropdown button", "status": "passed", "start": 1745307436675, "stop": 1745307436741}, {"name": "Loop through empty checkboxes and process them", "status": "broken", "statusDetails": {"message": "selenium.common.exceptions.StaleElementReferenceException: Message: stale element reference: stale element not found in the current frame\n  (Session info: chrome=135.0.7049.96); For documentation on this error, please visit: https://www.selenium.dev/documentation/webdriver/troubleshooting/errors#stale-element-reference-exception\nStacktrace:\n\tGetHandleVerifier [0x00007FF7ED1A5355+78597]\n\tGetHandleVerifier [0x00007FF7ED1A53B0+78688]\n\t(No symbol) [0x00007FF7ECF591AA]\n\t(No symbol) [0x00007FF7ECF60ABC]\n\t(No symbol) [0x00007FF7ECF63EAC]\n\t(No symbol) [0x00007FF7ED0004AB]\n\t(No symbol) [0x00007FF7ECFD70EA]\n\t(No symbol) [0x00007FF7ECFFF2BB]\n\t(No symbol) [0x00007FF7ECFD6EC3]\n\t(No symbol) [0x00007FF7ECFA03F8]\n\t(No symbol) [0x00007FF7ECFA1163]\n\tGetHandleVerifier [0x00007FF7ED44EF0D+2870973]\n\tGetHandleVerifier [0x00007FF7ED4496B8+2848360]\n\tGetHandleVerifier [0x00007FF7ED466993+2967875]\n\tGetHandleVerifier [0x00007FF7ED1C019A+188746]\n\tGetHandleVerifier [0x00007FF7ED1C847F+222255]\n\tGetHandleVerifier [0x00007FF7ED1AD2D4+111236]\n\tGetHandleVerifier [0x00007FF7ED1AD482+111666]\n\tGetHandleVerifier [0x00007FF7ED1935A9+5465]\n\tBaseThreadInitThunk [0x00007FFC378B7374+20]\n\tRtlUserThreadStart [0x00007FFC393FCC91+33]\n\n", "trace": "  File \"C:\\Users\\User\\Documents\\automation\\auto\\test_survey.py\", line 309, in test_survey_buttons\n    driver.execute_script(\"arguments[0].scrollIntoView({block: 'center'});\", checkbox)\n    ~~~~~~~~~~~~~~~~~~~~~^^^^^^^^^^^^^^^^^^^^^^^^^^^^^^^^^^^^^^^^^^^^^^^^^^^^^^^^^^^^^\n  File \"C:\\Users\\User\\AppData\\Local\\Programs\\Python\\Python313\\Lib\\site-packages\\selenium\\webdriver\\remote\\webdriver.py\", line 528, in execute_script\n    return self.execute(command, {\"script\": script, \"args\": converted_args})[\"value\"]\n           ~~~~~~~~~~~~^^^^^^^^^^^^^^^^^^^^^^^^^^^^^^^^^^^^^^^^^^^^^^^^^^^^^\n  File \"C:\\Users\\User\\AppData\\Local\\Programs\\Python\\Python313\\Lib\\site-packages\\selenium\\webdriver\\remote\\webdriver.py\", line 429, in execute\n    self.error_handler.check_response(response)\n    ~~~~~~~~~~~~~~~~~~~~~~~~~~~~~~~~~^^^^^^^^^^\n  File \"C:\\Users\\User\\AppData\\Local\\Programs\\Python\\Python313\\Lib\\site-packages\\selenium\\webdriver\\remote\\errorhandler.py\", line 232, in check_response\n    raise exception_class(message, screen, stacktrace)\n"}, "steps": [{"name": "Click empty checkbox", "status": "passed", "start": 1745307438157, "stop": 1745307438911}, {"name": "Click the dropdown button", "status": "passed", "start": 1745307438911, "stop": 1745307439323}, {"name": "Select 'המוערך נוסף על פי בקשתו' option", "status": "passed", "start": 1745307439323, "stop": 1745307441624}, {"name": "Clicking on 'close' button if available", "status": "passed", "start": 1745307441624, "stop": 1745307443901}, {"name": "Clicking on the 'מודל הערכה' (Evaluation Model) tab", "status": "passed", "start": 1745307443901, "stop": 1745307444352}, {"name": "Clicking on the 'בחר מודל הערכה חדש' (Select New Evaluation Model) button", "status": "passed", "start": 1745307444352, "stop": 1745307452896}], "start": 1745307437623, "stop": 1745307452919}], "start": 1745307318805, "stop": 1745307452930}], "attachments": [{"name": "log", "source": "2b52489d-e406-4cfa-9580-9bae83f938a3-attachment.txt", "type": "text/plain"}], "parameters": [{"name": "driver", "value": "'chrome'"}], "start": 1745307264961, "stop": 1745307455139, "uuid": "8bf710d3-7b11-4cfe-8c93-5905e25bb523", "historyId": "c916f0a0350dbd70f575f5d793d56ea0", "testCaseId": "1012d322416ce512377685883317049b", "fullName": "test_survey#test_survey_buttons", "labels": [{"name": "severity", "value": "critical"}, {"name": "epic", "value": "Survey Management System"}, {"name": "tag", "value": "Headless"}, {"name": "feature", "value": "UI Testing"}, {"name": "tag", "value": "CI"}, {"name": "tag", "value": "Automation"}, {"name": "story", "value": "Button Functionality"}, {"name": "suite", "value": "test_survey"}, {"name": "host", "value": "DESKTOP-G8GD8K9"}, {"name": "thread", "value": "23004-MainThread"}, {"name": "framework", "value": "pytest"}, {"name": "language", "value": "cpython3"}, {"name": "package", "value": "test_survey"}]}