{"name": "test_survey_buttons", "status": "broken", "statusDetails": {"message": "selenium.common.exceptions.TimeoutException: Message: \nStacktrace:\n\tGetHandleVerifier [0x00007FF601745355+78597]\n\tGetHandleVerifier [0x00007FF6017453B0+78688]\n\t(No symbol) [0x00007FF6014F91AA]\n\t(No symbol) [0x00007FF60154F149]\n\t(No symbol) [0x00007FF60154F3FC]\n\t(No symbol) [0x00007FF6015A2467]\n\t(No symbol) [0x00007FF60157712F]\n\t(No symbol) [0x00007FF60159F2BB]\n\t(No symbol) [0x00007FF601576EC3]\n\t(No symbol) [0x00007FF6015403F8]\n\t(No symbol) [0x00007FF601541163]\n\tGetHandleVerifier [0x00007FF6019EEF0D+2870973]\n\tGetHandleVerifier [0x00007FF6019E96B8+2848360]\n\tGetHandleVerifier [0x00007FF601A06993+2967875]\n\tGetHandleVerifier [0x00007FF60176019A+188746]\n\tGetHandleVerifier [0x00007FF60176847F+222255]\n\tGetHandleVerifier [0x00007FF60174D2D4+111236]\n\tGetHandleVerifier [0x00007FF60174D482+111666]\n\tGetHandleVerifier [0x00007FF6017335A9+5465]\n\tBaseThreadInitThunk [0x00007FFB32197374+20]\n\tRtlUserThreadStart [0x00007FFB33AFCC91+33]", "trace": "@allure.epic(\"Survey Management System\")\n    @allure.feature(\"UI Testing\")\n    @allure.story(\"Button Functionality\")\n    @allure.severity(allure.severity_level.CRITICAL)\n    @allure.tag(\"CI\", \"Headless\", \"Automation\")\n    def test_survey_buttons():\n        driver = get_driver()\n        passed, failed = 0, 0\n    \n        buttons = [\n            {\"name\": \"ניהול הסקר\", \"xpath\": \"//a[contains(text(), 'ניהול הסקר')]\"},\n            {\"name\": \"ניהול סוציומטרי\", \"xpath\": \"//a[contains(text(), 'ניהול סוציומטרי')]\"},\n            {\"name\": \"עונות\", \"xpath\": \"//input[contains(@value, 'עונות')]\"},\n            {\"name\": \"שאלות חובה\", \"xpath\": \"//input[contains(@value, 'שאלות חובה')]\"},\n            {\"name\": \"חוקים לבדיקת שאלונים חריגים\", \"xpath\": \"//input[contains(@value, 'חוקים לבדיקת שאלונים חריגים')]\"},\n            {\"name\": \"חוקים על שאלות\", \"xpath\": \"//input[contains(@value, 'חוקים על שאלות')]\"},\n            {\"name\": \"כללי השתתפות לפי סוג יחידה\", \"xpath\": \"//input[contains(@value, 'כללי השתתפות לפי סוג יחידה')]\"},\n            {\"name\": \"הגדרת השדות שיופיעו בטבלאות\", \"xpath\": \"//input[contains(@value, 'הגדרת השדות שיופיעו בטבלאות')]\"},\n            {\"name\": \"אופציות לסוציומטרי\", \"xpath\": \"//input[contains(@value, 'אופציות לסוציומטרי')]\"},\n            {\"name\": \"הגדרה וניהול סטטוסים לאירועים\", \"xpath\": \"//input[contains(@value, 'הגדרה וניהול סטטוסים לאירועים')]\"},\n            {\"name\": \"סיבות להוספת או הסרת משתתפים באירוע\", \"xpath\": \"//input[contains(@value, 'סיבות להוספת או הסרת משתתפים באירוע')]\"},\n            {\"name\": \"הגדרת שאלונים בהם מותר למחוק נתונים\", \"xpath\": \"//input[contains(@value, 'הגדרת שאלונים בהם מותר למחוק נתונים')]\"},\n            {\"name\": \"רשימת אשכולות לאיגוד קבוצות של היגדים\", \"xpath\": \"//input[contains(@value, 'רשימת אשכולות לאיגוד קבוצות של היגדים')]\"},\n            {\"name\": \"העברת משיבים ממאגר\", \"xpath\": \"//input[contains(@value, 'העברת משיבים ממאגר')]\"},\n            {\"name\": \"ניהול הרשאות משתמשים\", \"xpath\": \"//input[contains(@value, 'ניהול הרשאות משתמשים')]\"},\n            {\"name\": \"של פוטנציאל המשתתפים בסוציומטרי\", \"xpath\": \"//input[contains(@value, 'של פוטנציאל המשתתפים בסוציומטרי')]\"},\n            {\"name\": \"הגדרת חוקי העתקה של נתונים מחושבים לשאלון העזר\", \"xpath\": \"//input[contains(@value, 'הגדרת חוקי העתקה של נתונים מחושבים לשאלון העזר')]\"},\n            {\"name\": \"הגדרת כללים לחוקות חישוב\", \"xpath\": \"//input[contains(@value, 'הגדרת כללים לחוקות חישוב')]\"},\n            {\"name\": \"עריכה שדות במאגר המשיבים\", \"xpath\": \"//input[contains(@value, 'עריכה שדות במאגר המשיבים')]\"},\n            {\"name\": \"ייצוא דוחות אישיים\", \"xpath\": \"//input[contains(@value, 'ייצוא דוחות אישיים')]\"},\n            {\"name\": \"שיוך יחידות לאשכול\", \"xpath\": \"//input[contains(@value, 'שיוך יחידות לאשכול')]\"},\n            {\"name\": \"פלט אישי בתיקיית עובד\", \"xpath\": \"//input[contains(@value, 'פלט אישי בתיקיית עובד')]\"},\n            {\"name\": \"ניהול אירועים\", \"xpath\": \"//input[contains(@value, 'ניהול אירועים')]\"}\n        ]\n    \n        try:\n            with allure.step(\"Login to the system\"):\n                driver.get(\"https://www.survey.co.il/pms/MMDANEW/default.asp\")\n                WebDriverWait(driver, 10).until(EC.presence_of_element_located((By.NAME, \"login\")))\n                driver.find_element(By.NAME, \"login\").send_keys(\"MARINAS\")\n                driver.find_element(By.NAME, \"password\").send_keys(\"Ms123456\", Keys.RETURN)\n    \n            with allure.step(\"Navigate to main management page\"):\n                close_alert_if_present(driver)\n>               click_and_wait(driver, buttons[0][\"xpath\"])\n\nauto\\test_survey.py:86: \n_ _ _ _ _ _ _ _ _ _ _ _ _ _ _ _ _ _ _ _ _ _ _ _ _ _ _ _ _ _ _ _ _ _ _ _ _ _ _ _ _ _ _ _ _ _ _ _ _ _ _ _ _ _ _ _ _ _ _ _\nauto\\test_survey.py:30: in click_and_wait\n    element = WebDriverWait(driver, wait_time).until(\n_ _ _ _ _ _ _ _ _ _ _ _ _ _ _ _ _ _ _ _ _ _ _ _ _ _ _ _ _ _ _ _ _ _ _ _ _ _ _ _ _ _ _ _ _ _ _ _ _ _ _ _ _ _ _ _ _ _ _ _\n\nself = <selenium.webdriver.support.wait.WebDriverWait (session=\"e22a343b8228f9d03c81dd20b70d677c\")>\nmethod = <function element_to_be_clickable.<locals>._predicate at 0x00000292A5557600>, message = ''\n\n    def until(self, method: Callable[[D], Union[Literal[False], T]], message: str = \"\") -> T:\n        \"\"\"Wait until the method returns a value that is not False.\n    \n        Calls the method provided with the driver as an argument until the\n        return value does not evaluate to ``False``.\n    \n        Parameters:\n        ----------\n        method: callable(WebDriver)\n            - A callable object that takes a WebDriver instance as an argument.\n    \n        message: str\n            - Optional message for :exc:`TimeoutException`\n    \n        Return:\n        -------\n        object: T\n            - The result of the last call to `method`\n    \n        Raises:\n        -------\n        TimeoutException\n            - If 'method' does not return a truthy value within the WebDriverWait\n            object's timeout\n    \n        Example:\n        --------\n        >>> from selenium.webdriver.common.by import By\n        >>> from selenium.webdriver.support.ui import WebDriverWait\n        >>> from selenium.webdriver.support import expected_conditions as EC\n    \n        # Wait until an element is visible on the page\n        >>> wait = WebDriverWait(driver, 10)\n        >>> element = wait.until(EC.visibility_of_element_located((By.ID, \"exampleId\")))\n        >>> print(element.text)\n        \"\"\"\n        screen = None\n        stacktrace = None\n    \n        end_time = time.monotonic() + self._timeout\n        while True:\n            try:\n                value = method(self._driver)\n                if value:\n                    return value\n            except self._ignored_exceptions as exc:\n                screen = getattr(exc, \"screen\", None)\n                stacktrace = getattr(exc, \"stacktrace\", None)\n            if time.monotonic() > end_time:\n                break\n            time.sleep(self._poll)\n>       raise TimeoutException(message, screen, stacktrace)\nE       selenium.common.exceptions.TimeoutException: Message: \nE       Stacktrace:\nE       \tGetHandleVerifier [0x00007FF601745355+78597]\nE       \tGetHandleVerifier [0x00007FF6017453B0+78688]\nE       \t(No symbol) [0x00007FF6014F91AA]\nE       \t(No symbol) [0x00007FF60154F149]\nE       \t(No symbol) [0x00007FF60154F3FC]\nE       \t(No symbol) [0x00007FF6015A2467]\nE       \t(No symbol) [0x00007FF60157712F]\nE       \t(No symbol) [0x00007FF60159F2BB]\nE       \t(No symbol) [0x00007FF601576EC3]\nE       \t(No symbol) [0x00007FF6015403F8]\nE       \t(No symbol) [0x00007FF601541163]\nE       \tGetHandleVerifier [0x00007FF6019EEF0D+2870973]\nE       \tGetHandleVerifier [0x00007FF6019E96B8+2848360]\nE       \tGetHandleVerifier [0x00007FF601A06993+2967875]\nE       \tGetHandleVerifier [0x00007FF60176019A+188746]\nE       \tGetHandleVerifier [0x00007FF60176847F+222255]\nE       \tGetHandleVerifier [0x00007FF60174D2D4+111236]\nE       \tGetHandleVerifier [0x00007FF60174D482+111666]\nE       \tGetHandleVerifier [0x00007FF6017335A9+5465]\nE       \tBaseThreadInitThunk [0x00007FFB32197374+20]\nE       \tRtlUserThreadStart [0x00007FFB33AFCC91+33]\n\n..\\..\\AppData\\Local\\Programs\\Python\\Python313\\Lib\\site-packages\\selenium\\webdriver\\support\\wait.py:146: TimeoutException"}, "steps": [{"name": "Login to the system", "status": "passed", "start": 1744792088423, "stop": 1744792090068}, {"name": "Navigate to main management page", "status": "broken", "statusDetails": {"message": "selenium.common.exceptions.TimeoutException: Message: \nStacktrace:\n\tGetHandleVerifier [0x00007FF601745355+78597]\n\tGetHandleVerifier [0x00007FF6017453B0+78688]\n\t(No symbol) [0x00007FF6014F91AA]\n\t(No symbol) [0x00007FF60154F149]\n\t(No symbol) [0x00007FF60154F3FC]\n\t(No symbol) [0x00007FF6015A2467]\n\t(No symbol) [0x00007FF60157712F]\n\t(No symbol) [0x00007FF60159F2BB]\n\t(No symbol) [0x00007FF601576EC3]\n\t(No symbol) [0x00007FF6015403F8]\n\t(No symbol) [0x00007FF601541163]\n\tGetHandleVerifier [0x00007FF6019EEF0D+2870973]\n\tGetHandleVerifier [0x00007FF6019E96B8+2848360]\n\tGetHandleVerifier [0x00007FF601A06993+2967875]\n\tGetHandleVerifier [0x00007FF60176019A+188746]\n\tGetHandleVerifier [0x00007FF60176847F+222255]\n\tGetHandleVerifier [0x00007FF60174D2D4+111236]\n\tGetHandleVerifier [0x00007FF60174D482+111666]\n\tGetHandleVerifier [0x00007FF6017335A9+5465]\n\tBaseThreadInitThunk [0x00007FFB32197374+20]\n\tRtlUserThreadStart [0x00007FFB33AFCC91+33]\n\n", "trace": "  File \"C:\\Users\\User\\Documents\\automation\\auto\\test_survey.py\", line 86, in test_survey_buttons\n    click_and_wait(driver, buttons[0][\"xpath\"])\n    ~~~~~~~~~~~~~~^^^^^^^^^^^^^^^^^^^^^^^^^^^^^\n  File \"C:\\Users\\User\\Documents\\automation\\auto\\test_survey.py\", line 30, in click_and_wait\n    element = WebDriverWait(driver, wait_time).until(\n        EC.element_to_be_clickable((By.XPATH, xpath))\n    )\n  File \"C:\\Users\\User\\AppData\\Local\\Programs\\Python\\Python313\\Lib\\site-packages\\selenium\\webdriver\\support\\wait.py\", line 146, in until\n    raise TimeoutException(message, screen, stacktrace)\n"}, "start": 1744792090068, "stop": 1744792100532}], "start": 1744792085828, "stop": 1744792102653, "uuid": "0b1492f7-0ff7-4c61-b5e9-ea47ebeb8945", "historyId": "f62fb0bc9ba8d89356e81292b6fb5347", "testCaseId": "f62fb0bc9ba8d89356e81292b6fb5347", "fullName": "auto.test_survey#test_survey_buttons", "labels": [{"name": "feature", "value": "UI Testing"}, {"name": "epic", "value": "Survey Management System"}, {"name": "severity", "value": "critical"}, {"name": "tag", "value": "Automation"}, {"name": "tag", "value": "CI"}, {"name": "tag", "value": "Headless"}, {"name": "story", "value": "Button Functionality"}, {"name": "parentSuite", "value": "auto"}, {"name": "suite", "value": "test_survey"}, {"name": "host", "value": "DESKTOP-G8GD8K9"}, {"name": "thread", "value": "8728-MainThread"}, {"name": "framework", "value": "pytest"}, {"name": "language", "value": "cpython3"}, {"name": "package", "value": "auto.test_survey"}]}